<?xml version="1.1" encoding="UTF-8"?>
<testsuite name="org.xbill.DNS.OptionsTest" tests="7" failures="0" errors="0" timestamp="2013-03-09T16:54:49" hostname="finance" time="0.004">
  <properties/>
  <testcase name="test_intValue" classname="org.xbill.DNS.OptionsTest" time="0.001"/>
  <testcase name="test_systemProperty" classname="org.xbill.DNS.OptionsTest" time="0.001"/>
  <testcase name="test_set_1arg" classname="org.xbill.DNS.OptionsTest" time="0.0"/>
  <testcase name="test_set_2arg" classname="org.xbill.DNS.OptionsTest" time="0.0"/>
  <testcase name="test_check" classname="org.xbill.DNS.OptionsTest" time="0.0"/>
  <testcase name="test_unset" classname="org.xbill.DNS.OptionsTest" time="0.0"/>
  <testcase name="test_value" classname="org.xbill.DNS.OptionsTest" time="0.0"/>
  <system-out><![CDATA[]]></system-out>
  <system-err><![CDATA[]]></system-err>
</testsuite>
