<?xml version="1.1" encoding="UTF-8"?>
<testsuite name="org.xbill.DNS.OpcodeTest" tests="2" failures="0" errors="0" timestamp="2013-03-09T16:54:47" hostname="finance" time="0.004">
  <properties/>
  <testcase name="test_string" classname="org.xbill.DNS.OpcodeTest" time="0.003"/>
  <testcase name="test_value" classname="org.xbill.DNS.OpcodeTest" time="0.001"/>
  <system-out><![CDATA[]]></system-out>
  <system-err><![CDATA[]]></system-err>
</testsuite>
