<?xml version="1.1" encoding="UTF-8"?>
<testsuite name="org.xbill.DNS.NameTest$Test_equals" tests="7" failures="0" errors="0" timestamp="2013-03-09T16:54:49" hostname="finance" time="0.006">
  <properties/>
  <testcase name="test_null" classname="org.xbill.DNS.NameTest$Test_equals" time="0.001"/>
  <testcase name="test_same" classname="org.xbill.DNS.NameTest$Test_equals" time="0.001"/>
  <testcase name="test_abs" classname="org.xbill.DNS.NameTest$Test_equals" time="0.001"/>
  <testcase name="test_rel" classname="org.xbill.DNS.NameTest$Test_equals" time="0.0"/>
  <testcase name="test_notName" classname="org.xbill.DNS.NameTest$Test_equals" time="0.0"/>
  <testcase name="test_mixed" classname="org.xbill.DNS.NameTest$Test_equals" time="0.0"/>
  <testcase name="test_weird" classname="org.xbill.DNS.NameTest$Test_equals" time="0.0"/>
  <system-out><![CDATA[]]></system-out>
  <system-err><![CDATA[]]></system-err>
</testsuite>
