<?xml version="1.1" encoding="UTF-8"?>
<testsuite name="org.xbill.DNS.GPOSRecordTest$Test_rdataFromString" tests="6" failures="0" errors="0" timestamp="2013-03-09T16:54:49" hostname="finance" time="0.006">
  <properties/>
  <testcase name="test_latitude_toobig" classname="org.xbill.DNS.GPOSRecordTest$Test_rdataFromString" time="0.001"/>
  <testcase name="test_latitude_toosmall" classname="org.xbill.DNS.GPOSRecordTest$Test_rdataFromString" time="0.001"/>
  <testcase name="test_longitude_toosmall" classname="org.xbill.DNS.GPOSRecordTest$Test_rdataFromString" time="0.001"/>
  <testcase name="test_longitude_toobig" classname="org.xbill.DNS.GPOSRecordTest$Test_rdataFromString" time="0.0"/>
  <testcase name="test_basic" classname="org.xbill.DNS.GPOSRecordTest$Test_rdataFromString" time="0.0"/>
  <testcase name="test_invalid_string" classname="org.xbill.DNS.GPOSRecordTest$Test_rdataFromString" time="0.0"/>
  <system-out><![CDATA[]]></system-out>
  <system-err><![CDATA[]]></system-err>
</testsuite>
