<?xml version="1.1" encoding="UTF-8"?>
<testsuite name="org.xbill.DNS.NameTest$Test_compareTo" tests="7" failures="0" errors="0" timestamp="2013-03-09T16:54:49" hostname="finance" time="0.003">
  <properties/>
  <testcase name="test_label_prefix" classname="org.xbill.DNS.NameTest$Test_compareTo" time="0.001"/>
  <testcase name="test_same" classname="org.xbill.DNS.NameTest$Test_compareTo" time="0.0"/>
  <testcase name="test_more_labels" classname="org.xbill.DNS.NameTest$Test_compareTo" time="0.0"/>
  <testcase name="test_disjoint" classname="org.xbill.DNS.NameTest$Test_compareTo" time="0.0"/>
  <testcase name="test_notName" classname="org.xbill.DNS.NameTest$Test_compareTo" time="0.0"/>
  <testcase name="test_close" classname="org.xbill.DNS.NameTest$Test_compareTo" time="0.001"/>
  <testcase name="test_equal" classname="org.xbill.DNS.NameTest$Test_compareTo" time="0.0"/>
  <system-out><![CDATA[]]></system-out>
  <system-err><![CDATA[]]></system-err>
</testsuite>
