<?xml version="1.1" encoding="UTF-8"?>
<testsuite name="org.xbill.DNS.TTLTest" tests="4" failures="0" errors="0" timestamp="2013-03-09T16:54:49" hostname="finance" time="0.005">
  <properties/>
  <testcase name="test_format_invalid" classname="org.xbill.DNS.TTLTest" time="0.0"/>
  <testcase name="test_format" classname="org.xbill.DNS.TTLTest" time="0.001"/>
  <testcase name="test_parseTTL" classname="org.xbill.DNS.TTLTest" time="0.001"/>
  <testcase name="test_parseTTL_invalid" classname="org.xbill.DNS.TTLTest" time="0.001"/>
  <system-out><![CDATA[]]></system-out>
  <system-err><![CDATA[]]></system-err>
</testsuite>
