<?xml version="1.1" encoding="UTF-8"?>
<testsuite name="org.xbill.DNS.SerialTest" tests="12" failures="0" errors="0" timestamp="2013-03-09T16:54:49" hostname="finance" time="0.005">
  <properties/>
  <testcase name="test_compare_Arg1Greater" classname="org.xbill.DNS.SerialTest" time="0.001"/>
  <testcase name="test_increment_reset" classname="org.xbill.DNS.SerialTest" time="0.0"/>
  <testcase name="test_compare_Arg2Greater" classname="org.xbill.DNS.SerialTest" time="0.001"/>
  <testcase name="test_increment_OOBArg" classname="org.xbill.DNS.SerialTest" time="0.0"/>
  <testcase name="test_increment_normal" classname="org.xbill.DNS.SerialTest" time="0.0"/>
  <testcase name="test_compare_NegativeArg1" classname="org.xbill.DNS.SerialTest" time="0.0"/>
  <testcase name="test_compare_NegativeArg2" classname="org.xbill.DNS.SerialTest" time="0.0"/>
  <testcase name="test_increment_NegativeArg" classname="org.xbill.DNS.SerialTest" time="0.001"/>
  <testcase name="test_compare_boundary" classname="org.xbill.DNS.SerialTest" time="0.0"/>
  <testcase name="test_compare_ArgsEqual" classname="org.xbill.DNS.SerialTest" time="0.0"/>
  <testcase name="test_compare_OOBArg1" classname="org.xbill.DNS.SerialTest" time="0.0"/>
  <testcase name="test_compare_OOBArg2" classname="org.xbill.DNS.SerialTest" time="0.0"/>
  <system-out><![CDATA[]]></system-out>
  <system-err><![CDATA[]]></system-err>
</testsuite>
