<?xml version="1.1" encoding="UTF-8"?>
<testsuite name="org.xbill.DNS.SOARecordTest$Test_rdataFromString" tests="2" failures="0" errors="0" timestamp="2013-03-09T16:54:49" hostname="finance" time="0.001">
  <properties/>
  <testcase name="test_relative_name" classname="org.xbill.DNS.SOARecordTest$Test_rdataFromString" time="0.0"/>
  <testcase name="test_valid" classname="org.xbill.DNS.SOARecordTest$Test_rdataFromString" time="0.0"/>
  <system-out><![CDATA[]]></system-out>
  <system-err><![CDATA[]]></system-err>
</testsuite>
