<?xml version="1.1" encoding="UTF-8"?>
<testsuite name="org.xbill.DNS.FormattedTimeTest" tests="3" failures="0" errors="0" timestamp="2013-03-09T16:54:49" hostname="finance" time="0.005">
  <properties/>
  <testcase name="test_parse_invalid" classname="org.xbill.DNS.FormattedTimeTest" time="0.004"/>
  <testcase name="test_format" classname="org.xbill.DNS.FormattedTimeTest" time="0.001"/>
  <testcase name="test_parse" classname="org.xbill.DNS.FormattedTimeTest" time="0.0"/>
  <system-out><![CDATA[]]></system-out>
  <system-err><![CDATA[]]></system-err>
</testsuite>
