<?xml version="1.1" encoding="UTF-8"?>
<testsuite name="org.xbill.DNS.SetResponseTest" tests="16" failures="0" errors="0" timestamp="2013-03-09T16:54:49" hostname="finance" time="0.007">
  <properties/>
  <testcase name="test_ofType_basic" classname="org.xbill.DNS.SetResponseTest" time="0.0"/>
  <testcase name="test_addRRset_multiple" classname="org.xbill.DNS.SetResponseTest" time="0.001"/>
  <testcase name="test_ctor_2arg_toosmall" classname="org.xbill.DNS.SetResponseTest" time="0.0"/>
  <testcase name="test_ctor_1arg_toobig" classname="org.xbill.DNS.SetResponseTest" time="0.0"/>
  <testcase name="test_ctor_1arg_toosmall" classname="org.xbill.DNS.SetResponseTest" time="0.0"/>
  <testcase name="test_ofType_toosmall" classname="org.xbill.DNS.SetResponseTest" time="0.001"/>
  <testcase name="test_ofType_toobig" classname="org.xbill.DNS.SetResponseTest" time="0.0"/>
  <testcase name="test_answers_nonSUCCESSFUL" classname="org.xbill.DNS.SetResponseTest" time="0.0"/>
  <testcase name="test_ctor_1arg" classname="org.xbill.DNS.SetResponseTest" time="0.001"/>
  <testcase name="test_ctor_2arg" classname="org.xbill.DNS.SetResponseTest" time="0.0"/>
  <testcase name="test_getCNAME" classname="org.xbill.DNS.SetResponseTest" time="0.001"/>
  <testcase name="test_getDNAME" classname="org.xbill.DNS.SetResponseTest" time="0.0"/>
  <testcase name="test_toString" classname="org.xbill.DNS.SetResponseTest" time="0.001"/>
  <testcase name="test_ctor_2arg_toobig" classname="org.xbill.DNS.SetResponseTest" time="0.0"/>
  <testcase name="test_ofType_singleton" classname="org.xbill.DNS.SetResponseTest" time="0.0"/>
  <testcase name="test_addRRset" classname="org.xbill.DNS.SetResponseTest" time="0.0"/>
  <system-out><![CDATA[]]></system-out>
  <system-err><![CDATA[]]></system-err>
</testsuite>
