<?xml version="1.1" encoding="UTF-8"?>
<testsuite name="org.xbill.DNS.DSRecordTest$Test_Ctor_7arg" tests="8" failures="0" errors="0" timestamp="2013-03-09T16:54:47" hostname="finance" time="0.003">
  <properties/>
  <testcase name="test_toobig_algorithm" classname="org.xbill.DNS.DSRecordTest$Test_Ctor_7arg" time="0.0"/>
  <testcase name="test_toosmall_footprint" classname="org.xbill.DNS.DSRecordTest$Test_Ctor_7arg" time="0.0"/>
  <testcase name="test_toobig_digestid" classname="org.xbill.DNS.DSRecordTest$Test_Ctor_7arg" time="0.0"/>
  <testcase name="test_toosmall_algorithm" classname="org.xbill.DNS.DSRecordTest$Test_Ctor_7arg" time="0.0"/>
  <testcase name="test_toosmall_digestid" classname="org.xbill.DNS.DSRecordTest$Test_Ctor_7arg" time="0.0"/>
  <testcase name="test_null_digest" classname="org.xbill.DNS.DSRecordTest$Test_Ctor_7arg" time="0.0"/>
  <testcase name="test_toobig_footprint" classname="org.xbill.DNS.DSRecordTest$Test_Ctor_7arg" time="0.001"/>
  <testcase name="test_basic" classname="org.xbill.DNS.DSRecordTest$Test_Ctor_7arg" time="0.0"/>
  <system-out><![CDATA[]]></system-out>
  <system-err><![CDATA[]]></system-err>
</testsuite>
