<?xml version="1.1" encoding="UTF-8"?>
<testsuite name="org.xbill.DNS.AddressTest" tests="16" failures="0" errors="0" timestamp="2013-03-09T16:54:48" hostname="finance" time="1.014">
  <properties/>
  <testcase name="test_toByteArray_IPv4_invalid" classname="org.xbill.DNS.AddressTest" time="0.001"/>
  <testcase name="test_getByName_invalid" classname="org.xbill.DNS.AddressTest" time="0.193"/>
  <testcase name="test_addressLength" classname="org.xbill.DNS.AddressTest" time="0.0"/>
  <testcase name="test_getAllByName" classname="org.xbill.DNS.AddressTest" time="0.396"/>
  <testcase name="test_toByteArray_IPv6_invalid" classname="org.xbill.DNS.AddressTest" time="0.001"/>
  <testcase name="test_isDottedQuad" classname="org.xbill.DNS.AddressTest" time="0.0"/>
  <testcase name="test_toDottedQuad" classname="org.xbill.DNS.AddressTest" time="0.001"/>
  <testcase name="test_familyOf" classname="org.xbill.DNS.AddressTest" time="0.0"/>
  <testcase name="test_toByteArray_IPv4" classname="org.xbill.DNS.AddressTest" time="0.001"/>
  <testcase name="test_toByteArray_IPv6" classname="org.xbill.DNS.AddressTest" time="0.001"/>
  <testcase name="test_getByName" classname="org.xbill.DNS.AddressTest" time="0.067"/>
  <testcase name="test_toByteArray_invalid" classname="org.xbill.DNS.AddressTest" time="0.0"/>
  <testcase name="test_toArray_invalid" classname="org.xbill.DNS.AddressTest" time="0.0"/>
  <testcase name="test_toArray" classname="org.xbill.DNS.AddressTest" time="0.001"/>
  <testcase name="test_getHostName" classname="org.xbill.DNS.AddressTest" time="0.113"/>
  <testcase name="test_getAllByName_invalid" classname="org.xbill.DNS.AddressTest" time="0.235"/>
  <system-out><![CDATA[]]></system-out>
  <system-err><![CDATA[]]></system-err>
</testsuite>
