<?xml version="1.1" encoding="UTF-8"?>
<testsuite name="org.xbill.DNS.CompressionTest" tests="1" failures="0" errors="0" timestamp="2013-03-09T16:54:49" hostname="finance" time="0.0">
  <properties/>
  <testcase name="test" classname="org.xbill.DNS.CompressionTest" time="0.0"/>
  <system-out><![CDATA[]]></system-out>
  <system-err><![CDATA[Adding www.amazon.com. at 10
Looking for www.amazon.com., found 10
Adding www.cnn.com. at 10
Looking for www.cnn.com., found 10
]]></system-err>
</testsuite>
