<?xml version="1.1" encoding="UTF-8"?>
<testsuite name="org.xbill.DNS.ReverseMapTest" tests="3" failures="0" errors="0" timestamp="2013-03-09T16:54:49" hostname="finance" time="0.003">
  <properties/>
  <testcase name="test_fromAddress_invalid" classname="org.xbill.DNS.ReverseMapTest" time="0.001"/>
  <testcase name="test_fromAddress_ipv4" classname="org.xbill.DNS.ReverseMapTest" time="0.0"/>
  <testcase name="test_fromAddress_ipv6" classname="org.xbill.DNS.ReverseMapTest" time="0.001"/>
  <system-out><![CDATA[]]></system-out>
  <system-err><![CDATA[]]></system-err>
</testsuite>
