<?xml version="1.1" encoding="UTF-8"?>
<testsuite name="org.xbill.DNS.U16NameBaseTest" tests="7" failures="0" errors="0" timestamp="2013-03-09T16:54:49" hostname="finance" time="0.004">
  <properties/>
  <testcase name="test_rrToWire" classname="org.xbill.DNS.U16NameBaseTest" time="0.001"/>
  <testcase name="test_rrToString" classname="org.xbill.DNS.U16NameBaseTest" time="0.0"/>
  <testcase name="test_rdataFromString" classname="org.xbill.DNS.U16NameBaseTest" time="0.0"/>
  <testcase name="test_ctor_0arg" classname="org.xbill.DNS.U16NameBaseTest" time="0.001"/>
  <testcase name="test_ctor_4arg" classname="org.xbill.DNS.U16NameBaseTest" time="0.0"/>
  <testcase name="test_ctor_8arg" classname="org.xbill.DNS.U16NameBaseTest" time="0.001"/>
  <testcase name="test_rrFromWire" classname="org.xbill.DNS.U16NameBaseTest" time="0.0"/>
  <system-out><![CDATA[]]></system-out>
  <system-err><![CDATA[]]></system-err>
</testsuite>
