<?xml version="1.1" encoding="UTF-8"?>
<testsuite name="org.xbill.DNS.DSRecordTest" tests="14" failures="0" errors="0" timestamp="2013-03-09T16:54:49" hostname="finance" time="0.013">
  <properties/>
  <testcase name="test_toobig_algorithm" classname="org.xbill.DNS.DSRecordTest" time="0.001"/>
  <testcase name="test_toosmall_footprint" classname="org.xbill.DNS.DSRecordTest" time="0.001"/>
  <testcase name="test_toobig_digestid" classname="org.xbill.DNS.DSRecordTest" time="0.001"/>
  <testcase name="test_toosmall_algorithm" classname="org.xbill.DNS.DSRecordTest" time="0.001"/>
  <testcase name="test_toosmall_digestid" classname="org.xbill.DNS.DSRecordTest" time="0.001"/>
  <testcase name="test_null_digest" classname="org.xbill.DNS.DSRecordTest" time="0.001"/>
  <testcase name="test_toobig_footprint" classname="org.xbill.DNS.DSRecordTest" time="0.0"/>
  <testcase name="test_basic" classname="org.xbill.DNS.DSRecordTest" time="0.0"/>
  <testcase name="test_rrToWire" classname="org.xbill.DNS.DSRecordTest" time="0.0"/>
  <testcase name="test_rrToString" classname="org.xbill.DNS.DSRecordTest" time="0.0"/>
  <testcase name="test_rdataFromString" classname="org.xbill.DNS.DSRecordTest" time="0.0"/>
  <testcase name="test_ctor_0arg" classname="org.xbill.DNS.DSRecordTest" time="0.0"/>
  <testcase name="test_getObject" classname="org.xbill.DNS.DSRecordTest" time="0.0"/>
  <testcase name="test_rrFromWire" classname="org.xbill.DNS.DSRecordTest" time="0.0"/>
  <system-out><![CDATA[]]></system-out>
  <system-err><![CDATA[]]></system-err>
</testsuite>
