<?xml version="1.1" encoding="UTF-8"?>
<testsuite name="org.xbill.DNS.ExceptionTest" tests="8" failures="0" errors="0" timestamp="2013-03-09T16:54:49" hostname="finance" time="0.009">
  <properties/>
  <testcase name="test_InvalidTTLException" classname="org.xbill.DNS.ExceptionTest" time="0.001"/>
  <testcase name="test_TextParseException" classname="org.xbill.DNS.ExceptionTest" time="0.0"/>
  <testcase name="test_WireParseException" classname="org.xbill.DNS.ExceptionTest" time="0.0"/>
  <testcase name="test_ZoneTransferException" classname="org.xbill.DNS.ExceptionTest" time="0.0"/>
  <testcase name="test_RelativeNameException" classname="org.xbill.DNS.ExceptionTest" time="0.003"/>
  <testcase name="test_InvalidTypeException" classname="org.xbill.DNS.ExceptionTest" time="0.001"/>
  <testcase name="test_InvalidDClassException" classname="org.xbill.DNS.ExceptionTest" time="0.0"/>
  <testcase name="test_NameTooLongException" classname="org.xbill.DNS.ExceptionTest" time="0.0"/>
  <system-out><![CDATA[]]></system-out>
  <system-err><![CDATA[]]></system-err>
</testsuite>
