<?xml version="1.1" encoding="UTF-8"?>
<testsuite name="org.xbill.DNS.SOARecordTest$Test_rrFromWire" tests="1" failures="0" errors="0" timestamp="2013-03-09T16:54:49" hostname="finance" time="0.0">
  <properties/>
  <testcase name="test" classname="org.xbill.DNS.SOARecordTest$Test_rrFromWire" time="0.0"/>
  <system-out><![CDATA[]]></system-out>
  <system-err><![CDATA[]]></system-err>
</testsuite>
