<?xml version="1.1" encoding="UTF-8"?>
<testsuite name="org.xbill.DNS.NameTest$Test_toWireCanonical" tests="5" failures="0" errors="0" timestamp="2013-03-09T16:54:49" hostname="finance" time="0.002">
  <properties/>
  <testcase name="test_0arg" classname="org.xbill.DNS.NameTest$Test_toWireCanonical" time="0.0"/>
  <testcase name="test_3arg" classname="org.xbill.DNS.NameTest$Test_toWireCanonical" time="0.0"/>
  <testcase name="test_root" classname="org.xbill.DNS.NameTest$Test_toWireCanonical" time="0.001"/>
  <testcase name="test_basic" classname="org.xbill.DNS.NameTest$Test_toWireCanonical" time="0.0"/>
  <testcase name="test_empty" classname="org.xbill.DNS.NameTest$Test_toWireCanonical" time="0.0"/>
  <system-out><![CDATA[]]></system-out>
  <system-err><![CDATA[]]></system-err>
</testsuite>
