<?xml version="1.1" encoding="UTF-8"?>
<testsuite name="org.xbill.DNS.A6RecordTest" tests="7" failures="0" errors="0" timestamp="2013-03-09T16:54:49" hostname="finance" time="0.006">
  <properties/>
  <testcase name="test_rrToWire" classname="org.xbill.DNS.A6RecordTest" time="0.001"/>
  <testcase name="test_rrToString" classname="org.xbill.DNS.A6RecordTest" time="0.001"/>
  <testcase name="test_rdataFromString" classname="org.xbill.DNS.A6RecordTest" time="0.001"/>
  <testcase name="test_ctor_0arg" classname="org.xbill.DNS.A6RecordTest" time="0.001"/>
  <testcase name="test_ctor_6arg" classname="org.xbill.DNS.A6RecordTest" time="0.0"/>
  <testcase name="test_getObject" classname="org.xbill.DNS.A6RecordTest" time="0.0"/>
  <testcase name="test_rrFromWire" classname="org.xbill.DNS.A6RecordTest" time="0.001"/>
  <system-out><![CDATA[]]></system-out>
  <system-err><![CDATA[]]></system-err>
</testsuite>
