<?xml version="1.1" encoding="UTF-8"?>
<testsuite name="org.xbill.DNS.utils.hexdumpTest" tests="18" failures="0" errors="0" timestamp="2013-03-09T16:54:49" hostname="finance" time="0.01">
  <properties/>
  <testcase name="test_shortform" classname="org.xbill.DNS.utils.hexdumpTest" time="0.001"/>
  <testcase name="test_10" classname="org.xbill.DNS.utils.hexdumpTest" time="0.0"/>
  <testcase name="test_11" classname="org.xbill.DNS.utils.hexdumpTest" time="0.001"/>
  <testcase name="test_12" classname="org.xbill.DNS.utils.hexdumpTest" time="0.0"/>
  <testcase name="test_13" classname="org.xbill.DNS.utils.hexdumpTest" time="0.0"/>
  <testcase name="test_14" classname="org.xbill.DNS.utils.hexdumpTest" time="0.001"/>
  <testcase name="test_15" classname="org.xbill.DNS.utils.hexdumpTest" time="0.0"/>
  <testcase name="test_0" classname="org.xbill.DNS.utils.hexdumpTest" time="0.0"/>
  <testcase name="test_1" classname="org.xbill.DNS.utils.hexdumpTest" time="0.0"/>
  <testcase name="test_2" classname="org.xbill.DNS.utils.hexdumpTest" time="0.003"/>
  <testcase name="test_3" classname="org.xbill.DNS.utils.hexdumpTest" time="0.0"/>
  <testcase name="test_4" classname="org.xbill.DNS.utils.hexdumpTest" time="0.0"/>
  <testcase name="test_5" classname="org.xbill.DNS.utils.hexdumpTest" time="0.0"/>
  <testcase name="test_6" classname="org.xbill.DNS.utils.hexdumpTest" time="0.0"/>
  <testcase name="test_7" classname="org.xbill.DNS.utils.hexdumpTest" time="0.0"/>
  <testcase name="test_8" classname="org.xbill.DNS.utils.hexdumpTest" time="0.0"/>
  <testcase name="test_9" classname="org.xbill.DNS.utils.hexdumpTest" time="0.0"/>
  <testcase name="test_default_constructor" classname="org.xbill.DNS.utils.hexdumpTest" time="0.0"/>
  <system-out><![CDATA[]]></system-out>
  <system-err><![CDATA[]]></system-err>
</testsuite>
