<?xml version="1.1" encoding="UTF-8"?>
<testsuite name="org.xbill.DNS.SOARecordTest$Test_rrToWire" tests="2" failures="0" errors="0" timestamp="2013-03-09T16:54:47" hostname="finance" time="0.001">
  <properties/>
  <testcase name="test_canonical" classname="org.xbill.DNS.SOARecordTest$Test_rrToWire" time="0.0"/>
  <testcase name="test_case_sensitive" classname="org.xbill.DNS.SOARecordTest$Test_rrToWire" time="0.001"/>
  <system-out><![CDATA[]]></system-out>
  <system-err><![CDATA[]]></system-err>
</testsuite>
