<?xml version="1.1" encoding="UTF-8"?>
<testsuite name="org.xbill.DNS.APLRecordTest$Test_rrFromWire" tests="7" failures="0" errors="0" timestamp="2013-03-09T16:54:49" hostname="finance" time="0.004">
  <properties/>
  <testcase name="test_valid_nonIP" classname="org.xbill.DNS.APLRecordTest$Test_rrFromWire" time="0.0"/>
  <testcase name="test_validIPv4" classname="org.xbill.DNS.APLRecordTest$Test_rrFromWire" time="0.0"/>
  <testcase name="test_validIPv6" classname="org.xbill.DNS.APLRecordTest$Test_rrFromWire" time="0.001"/>
  <testcase name="test_validIPv4_short_address" classname="org.xbill.DNS.APLRecordTest$Test_rrFromWire" time="0.0"/>
  <testcase name="test_invalid_IPv4_length" classname="org.xbill.DNS.APLRecordTest$Test_rrFromWire" time="0.001"/>
  <testcase name="test_invalid_IPv4_prefix" classname="org.xbill.DNS.APLRecordTest$Test_rrFromWire" time="0.0"/>
  <testcase name="test_multiple_validIPv4" classname="org.xbill.DNS.APLRecordTest$Test_rrFromWire" time="0.001"/>
  <system-out><![CDATA[]]></system-out>
  <system-err><![CDATA[]]></system-err>
</testsuite>
