<?xml version="1.1" encoding="UTF-8"?>
<testsuite name="org.xbill.DNS.SingleCompressedNameBaseTest" tests="2" failures="0" errors="0" timestamp="2013-03-09T16:54:47" hostname="finance" time="0.002">
  <properties/>
  <testcase name="test_ctor" classname="org.xbill.DNS.SingleCompressedNameBaseTest" time="0.001"/>
  <testcase name="test_rrToWire" classname="org.xbill.DNS.SingleCompressedNameBaseTest" time="0.001"/>
  <system-out><![CDATA[]]></system-out>
  <system-err><![CDATA[]]></system-err>
</testsuite>
