<?xml version="1.1" encoding="UTF-8"?>
<testsuite name="org.xbill.DNS.TypeTest" tests="4" failures="0" errors="0" timestamp="2013-03-09T16:54:48" hostname="finance" time="0.002">
  <properties/>
  <testcase name="test_isRR" classname="org.xbill.DNS.TypeTest" time="0.0"/>
  <testcase name="test_string" classname="org.xbill.DNS.TypeTest" time="0.0"/>
  <testcase name="test_value_2arg" classname="org.xbill.DNS.TypeTest" time="0.0"/>
  <testcase name="test_value" classname="org.xbill.DNS.TypeTest" time="0.001"/>
  <system-out><![CDATA[]]></system-out>
  <system-err><![CDATA[]]></system-err>
</testsuite>
