<?xml version="1.1" encoding="UTF-8"?>
<testsuite name="org.xbill.DNS.NameTest" tests="105" failures="0" errors="0" timestamp="2013-03-09T16:54:47" hostname="finance" time="0.06">
  <properties/>
  <testcase name="test_fromString_dot" classname="org.xbill.DNS.NameTest" time="0.0"/>
  <testcase name="test_ctor_wildcard" classname="org.xbill.DNS.NameTest" time="0.001"/>
  <testcase name="test_ctor_max_length_abs" classname="org.xbill.DNS.NameTest" time="0.0"/>
  <testcase name="test_ctor_max_length_rel" classname="org.xbill.DNS.NameTest" time="0.001"/>
  <testcase name="test_ctor_abs" classname="org.xbill.DNS.NameTest" time="0.0"/>
  <testcase name="test_ctor_dot" classname="org.xbill.DNS.NameTest" time="0.0"/>
  <testcase name="test_ctor_rel" classname="org.xbill.DNS.NameTest" time="0.0"/>
  <testcase name="test_ctor_empty" classname="org.xbill.DNS.NameTest" time="0.0"/>
  <testcase name="test_ctor_empty_escaped_end" classname="org.xbill.DNS.NameTest" time="0.0"/>
  <testcase name="test_ctor_invalid_label" classname="org.xbill.DNS.NameTest" time="0.0"/>
  <testcase name="test_fromConstantString" classname="org.xbill.DNS.NameTest" time="0.0"/>
  <testcase name="test_ctor_toobig_label_escaped_end" classname="org.xbill.DNS.NameTest" time="0.0"/>
  <testcase name="test_ctor_at_null_origin" classname="org.xbill.DNS.NameTest" time="0.001"/>
  <testcase name="test_ctor_short_escaped" classname="org.xbill.DNS.NameTest" time="0.0"/>
  <testcase name="test_ctor_toobig_label" classname="org.xbill.DNS.NameTest" time="0.001"/>
  <testcase name="test_ctor_short_escaped_end" classname="org.xbill.DNS.NameTest" time="0.0"/>
  <testcase name="test_ctor_7label" classname="org.xbill.DNS.NameTest" time="0.0"/>
  <testcase name="test_ctor_8label" classname="org.xbill.DNS.NameTest" time="0.0"/>
  <testcase name="test_ctor_toobig_label_escaped" classname="org.xbill.DNS.NameTest" time="0.001"/>
  <testcase name="test_ctor_abs_abs_origin" classname="org.xbill.DNS.NameTest" time="0.0"/>
  <testcase name="test_ctor_max_label_escaped" classname="org.xbill.DNS.NameTest" time="0.0"/>
  <testcase name="test_ctor_abs_rel_origin" classname="org.xbill.DNS.NameTest" time="0.0"/>
  <testcase name="test_ctor_toobig_escaped" classname="org.xbill.DNS.NameTest" time="0.0"/>
  <testcase name="test_ctor_max_labels" classname="org.xbill.DNS.NameTest" time="0.001"/>
  <testcase name="test_ctor_max_label" classname="org.xbill.DNS.NameTest" time="0.0"/>
  <testcase name="test_fromString_at" classname="org.xbill.DNS.NameTest" time="0.0"/>
  <testcase name="test_fromString" classname="org.xbill.DNS.NameTest" time="0.0"/>
  <testcase name="test_ctor_toobig_escaped_end" classname="org.xbill.DNS.NameTest" time="0.001"/>
  <testcase name="test_ctor_at_abs_origin" classname="org.xbill.DNS.NameTest" time="0.0"/>
  <testcase name="test_ctor_escaped" classname="org.xbill.DNS.NameTest" time="0.001"/>
  <testcase name="test_fromConstantString_invalid" classname="org.xbill.DNS.NameTest" time="0.0"/>
  <testcase name="test_ctor_at_rel_origin" classname="org.xbill.DNS.NameTest" time="0.0"/>
  <testcase name="test_ctor_escaped_end" classname="org.xbill.DNS.NameTest" time="0.0"/>
  <testcase name="test_ctor_rel_abs_origin" classname="org.xbill.DNS.NameTest" time="0.0"/>
  <testcase name="test_two_part_compression" classname="org.xbill.DNS.NameTest" time="0.0"/>
  <testcase name="test_basic_compression_state_restore" classname="org.xbill.DNS.NameTest" time="0.0"/>
  <testcase name="test_root" classname="org.xbill.DNS.NameTest" time="0.0"/>
  <testcase name="test_toolong_name" classname="org.xbill.DNS.NameTest" time="0.0"/>
  <testcase name="test_toomany_labels" classname="org.xbill.DNS.NameTest" time="0.001"/>
  <testcase name="test_max_name" classname="org.xbill.DNS.NameTest" time="0.001"/>
  <testcase name="test_max_label_length" classname="org.xbill.DNS.NameTest" time="0.0"/>
  <testcase name="test_two_part_compression_state_restore" classname="org.xbill.DNS.NameTest" time="0.001"/>
  <testcase name="test_basic_compression" classname="org.xbill.DNS.NameTest" time="0.003"/>
  <testcase name="test_max_labels" classname="org.xbill.DNS.NameTest" time="0.002"/>
  <testcase name="test_two_pointer_compression" classname="org.xbill.DNS.NameTest" time="0.0"/>
  <testcase name="test_bad_compression" classname="org.xbill.DNS.NameTest" time="0.001"/>
  <testcase name="test_long_jump_compression" classname="org.xbill.DNS.NameTest" time="0.0"/>
  <testcase name="test_invalid_length" classname="org.xbill.DNS.NameTest" time="0.0"/>
  <testcase name="test_incomplete" classname="org.xbill.DNS.NameTest" time="0.0"/>
  <testcase name="test_basic" classname="org.xbill.DNS.NameTest" time="0.0"/>
  <testcase name="test_relativize" classname="org.xbill.DNS.NameTest" time="0.0"/>
  <testcase name="test_wild" classname="org.xbill.DNS.NameTest" time="0.0"/>
  <testcase name="test_toString_special_char" classname="org.xbill.DNS.NameTest" time="0.001"/>
  <testcase name="test_init_from_name_empty" classname="org.xbill.DNS.NameTest" time="0.0"/>
  <testcase name="test_wild_toosmall" classname="org.xbill.DNS.NameTest" time="0.001"/>
  <testcase name="test_relativize_root" classname="org.xbill.DNS.NameTest" time="0.0"/>
  <testcase name="test_toString_at" classname="org.xbill.DNS.NameTest" time="0.0"/>
  <testcase name="test_init_from_name_root" classname="org.xbill.DNS.NameTest" time="0.0"/>
  <testcase name="test_toString_abs" classname="org.xbill.DNS.NameTest" time="0.0"/>
  <testcase name="test_toString_rel" classname="org.xbill.DNS.NameTest" time="0.001"/>
  <testcase name="test_init_from_name" classname="org.xbill.DNS.NameTest" time="0.0"/>
  <testcase name="test_wild_toobig" classname="org.xbill.DNS.NameTest" time="0.001"/>
  <testcase name="test_concatenate_too_long" classname="org.xbill.DNS.NameTest" time="0.0"/>
  <testcase name="test_fromDNAME" classname="org.xbill.DNS.NameTest" time="0.001"/>
  <testcase name="test_relativize_disjoint" classname="org.xbill.DNS.NameTest" time="0.0"/>
  <testcase name="test_subdomain_abs" classname="org.xbill.DNS.NameTest" time="0.001"/>
  <testcase name="test_subdomain_rel" classname="org.xbill.DNS.NameTest" time="0.0"/>
  <testcase name="test_toString_root" classname="org.xbill.DNS.NameTest" time="0.0"/>
  <testcase name="test_toString_wild" classname="org.xbill.DNS.NameTest" time="0.0"/>
  <testcase name="test_fromDNAME_disjoint" classname="org.xbill.DNS.NameTest" time="0.001"/>
  <testcase name="test_toString_escaped" classname="org.xbill.DNS.NameTest" time="0.0"/>
  <testcase name="test_relativize_null_origin" classname="org.xbill.DNS.NameTest" time="0.001"/>
  <testcase name="test_subdomain_equal" classname="org.xbill.DNS.NameTest" time="0.0"/>
  <testcase name="test_fromDNAME_toobig" classname="org.xbill.DNS.NameTest" time="0.001"/>
  <testcase name="test_concatenate_abs_prefix" classname="org.xbill.DNS.NameTest" time="0.0"/>
  <testcase name="test_concatenate_basic" classname="org.xbill.DNS.NameTest" time="0.0"/>
  <testcase name="test_wild_abs" classname="org.xbill.DNS.NameTest" time="0.0"/>
  <testcase name="test_with_exact_Compression" classname="org.xbill.DNS.NameTest" time="0.002"/>
  <testcase name="test_0arg" classname="org.xbill.DNS.NameTest" time="0.0"/>
  <testcase name="test_3arg" classname="org.xbill.DNS.NameTest" time="0.0"/>
  <testcase name="test_root" classname="org.xbill.DNS.NameTest" time="0.0"/>
  <testcase name="test_rel" classname="org.xbill.DNS.NameTest" time="0.0"/>
  <testcase name="test_empty_Compression" classname="org.xbill.DNS.NameTest" time="0.0"/>
  <testcase name="test_null_Compression" classname="org.xbill.DNS.NameTest" time="0.001"/>
  <testcase name="test_0arg_rel" classname="org.xbill.DNS.NameTest" time="0.0"/>
  <testcase name="test_with_partial_Compression" classname="org.xbill.DNS.NameTest" time="0.001"/>
  <testcase name="test_0arg" classname="org.xbill.DNS.NameTest" time="0.0"/>
  <testcase name="test_3arg" classname="org.xbill.DNS.NameTest" time="0.001"/>
  <testcase name="test_root" classname="org.xbill.DNS.NameTest" time="0.0"/>
  <testcase name="test_basic" classname="org.xbill.DNS.NameTest" time="0.0"/>
  <testcase name="test_empty" classname="org.xbill.DNS.NameTest" time="0.0"/>
  <testcase name="test_null" classname="org.xbill.DNS.NameTest" time="0.0"/>
  <testcase name="test_same" classname="org.xbill.DNS.NameTest" time="0.001"/>
  <testcase name="test_abs" classname="org.xbill.DNS.NameTest" time="0.0"/>
  <testcase name="test_rel" classname="org.xbill.DNS.NameTest" time="0.0"/>
  <testcase name="test_notName" classname="org.xbill.DNS.NameTest" time="0.0"/>
  <testcase name="test_mixed" classname="org.xbill.DNS.NameTest" time="0.0"/>
  <testcase name="test_weird" classname="org.xbill.DNS.NameTest" time="0.0"/>
  <testcase name="test_label_prefix" classname="org.xbill.DNS.NameTest" time="0.001"/>
  <testcase name="test_same" classname="org.xbill.DNS.NameTest" time="0.0"/>
  <testcase name="test_more_labels" classname="org.xbill.DNS.NameTest" time="0.0"/>
  <testcase name="test_disjoint" classname="org.xbill.DNS.NameTest" time="0.0"/>
  <testcase name="test_notName" classname="org.xbill.DNS.NameTest" time="0.0"/>
  <testcase name="test_close" classname="org.xbill.DNS.NameTest" time="0.001"/>
  <testcase name="test_equal" classname="org.xbill.DNS.NameTest" time="0.0"/>
  <system-out><![CDATA[]]></system-out>
  <system-err><![CDATA[currently 8, pointer to 1
current name '@', seeking to 1
]]></system-err>
</testsuite>
