<?xml version="1.1" encoding="UTF-8"?>
<testsuite name="org.xbill.DNS.utils.HMACTest" tests="3" failures="0" errors="0" timestamp="2013-03-09T16:54:49" hostname="finance" time="0.12">
  <properties/>
  <testcase name="test_ctor_digest_key" classname="org.xbill.DNS.utils.HMACTest" time="0.004"/>
  <testcase name="test_ctor_digestName_key_invalid" classname="org.xbill.DNS.utils.HMACTest" time="0.112"/>
  <testcase name="test_ctor_digestName_key" classname="org.xbill.DNS.utils.HMACTest" time="0.003"/>
  <system-out><![CDATA[]]></system-out>
  <system-err><![CDATA[]]></system-err>
</testsuite>
