<?xml version="1.1" encoding="UTF-8"?>
<testsuite name="org.xbill.DNS.APLRecordTest$Test_rrToWire" tests="6" failures="0" errors="0" timestamp="2013-03-09T16:54:47" hostname="finance" time="0.005">
  <properties/>
  <testcase name="test_short_address" classname="org.xbill.DNS.APLRecordTest$Test_rrToWire" time="0.001"/>
  <testcase name="test_non_IP" classname="org.xbill.DNS.APLRecordTest$Test_rrToWire" time="0.001"/>
  <testcase name="test_wildcard_address" classname="org.xbill.DNS.APLRecordTest$Test_rrToWire" time="0.0"/>
  <testcase name="test_address_with_embedded_zero" classname="org.xbill.DNS.APLRecordTest$Test_rrToWire" time="0.0"/>
  <testcase name="test_basic" classname="org.xbill.DNS.APLRecordTest$Test_rrToWire" time="0.001"/>
  <testcase name="test_empty" classname="org.xbill.DNS.APLRecordTest$Test_rrToWire" time="0.001"/>
  <system-out><![CDATA[]]></system-out>
  <system-err><![CDATA[]]></system-err>
</testsuite>
