<?xml version="1.1" encoding="UTF-8"?>
<testsuite name="org.xbill.DNS.NameTest$Test_toWire" tests="9" failures="0" errors="0" timestamp="2013-03-09T16:54:49" hostname="finance" time="0.004">
  <properties/>
  <testcase name="test_with_exact_Compression" classname="org.xbill.DNS.NameTest$Test_toWire" time="0.0"/>
  <testcase name="test_0arg" classname="org.xbill.DNS.NameTest$Test_toWire" time="0.0"/>
  <testcase name="test_3arg" classname="org.xbill.DNS.NameTest$Test_toWire" time="0.0"/>
  <testcase name="test_root" classname="org.xbill.DNS.NameTest$Test_toWire" time="0.0"/>
  <testcase name="test_rel" classname="org.xbill.DNS.NameTest$Test_toWire" time="0.0"/>
  <testcase name="test_empty_Compression" classname="org.xbill.DNS.NameTest$Test_toWire" time="0.001"/>
  <testcase name="test_null_Compression" classname="org.xbill.DNS.NameTest$Test_toWire" time="0.0"/>
  <testcase name="test_0arg_rel" classname="org.xbill.DNS.NameTest$Test_toWire" time="0.0"/>
  <testcase name="test_with_partial_Compression" classname="org.xbill.DNS.NameTest$Test_toWire" time="0.0"/>
  <system-out><![CDATA[]]></system-out>
  <system-err><![CDATA[]]></system-err>
</testsuite>
