<?xml version="1.1" encoding="UTF-8"?>
<testsuite name="org.xbill.DNS.APLRecordTest$Test_Element_init" tests="4" failures="0" errors="0" timestamp="2013-03-09T16:54:49" hostname="finance" time="0.002">
  <properties/>
  <testcase name="test_valid_IPv4" classname="org.xbill.DNS.APLRecordTest$Test_Element_init" time="0.0"/>
  <testcase name="test_valid_IPv6" classname="org.xbill.DNS.APLRecordTest$Test_Element_init" time="0.0"/>
  <testcase name="test_invalid_IPv4" classname="org.xbill.DNS.APLRecordTest$Test_Element_init" time="0.0"/>
  <testcase name="test_invalid_IPv6" classname="org.xbill.DNS.APLRecordTest$Test_Element_init" time="0.001"/>
  <system-out><![CDATA[]]></system-out>
  <system-err><![CDATA[]]></system-err>
</testsuite>
